Determining if the pthread_create exist failed with the following output:
Change Dir: /home/john/CLionProjects/AutoBrightnessCam/libs/google-test/googletest-release-1.7.0/CMakeFiles/CMakeTmp

Run Build Command:/usr/bin/gmake "cmTryCompileExec139461988/fast"
/usr/bin/gmake -f CMakeFiles/cmTryCompileExec139461988.dir/build.make CMakeFiles/cmTryCompileExec139461988.dir/build
gmake[1]: Entering directory `/home/john/CLionProjects/AutoBrightnessCam/libs/google-test/googletest-release-1.7.0/CMakeFiles/CMakeTmp'
/usr/bin/cmake -E cmake_progress_report /home/john/CLionProjects/AutoBrightnessCam/libs/google-test/googletest-release-1.7.0/CMakeFiles/CMakeTmp/CMakeFiles 1
Building C object CMakeFiles/cmTryCompileExec139461988.dir/CheckSymbolExists.c.o
/usr/bin/cc    -o CMakeFiles/cmTryCompileExec139461988.dir/CheckSymbolExists.c.o   -c /home/john/CLionProjects/AutoBrightnessCam/libs/google-test/googletest-release-1.7.0/CMakeFiles/CMakeTmp/CheckSymbolExists.c
Linking C executable cmTryCompileExec139461988
/usr/bin/cmake -E cmake_link_script CMakeFiles/cmTryCompileExec139461988.dir/link.txt --verbose=1
/usr/bin/cc       CMakeFiles/cmTryCompileExec139461988.dir/CheckSymbolExists.c.o  -o cmTryCompileExec139461988 -rdynamic 
CMakeFiles/cmTryCompileExec139461988.dir/CheckSymbolExists.c.o: In function `main':
CheckSymbolExists.c:(.text+0x16): undefined reference to `pthread_create'
collect2: error: ld returned 1 exit status
gmake[1]: *** [cmTryCompileExec139461988] Error 1
gmake[1]: Leaving directory `/home/john/CLionProjects/AutoBrightnessCam/libs/google-test/googletest-release-1.7.0/CMakeFiles/CMakeTmp'
gmake: *** [cmTryCompileExec139461988/fast] Error 2

File /home/john/CLionProjects/AutoBrightnessCam/libs/google-test/googletest-release-1.7.0/CMakeFiles/CMakeTmp/CheckSymbolExists.c:
/* */
#include <pthread.h>

int main(int argc, char** argv)
{
  (void)argv;
#ifndef pthread_create
  return ((int*)(&pthread_create))[argc];
#else
  (void)argc;
  return 0;
#endif
}

Determining if the function pthread_create exists in the pthreads failed with the following output:
Change Dir: /home/john/CLionProjects/AutoBrightnessCam/libs/google-test/googletest-release-1.7.0/CMakeFiles/CMakeTmp

Run Build Command:/usr/bin/gmake "cmTryCompileExec1828591464/fast"
/usr/bin/gmake -f CMakeFiles/cmTryCompileExec1828591464.dir/build.make CMakeFiles/cmTryCompileExec1828591464.dir/build
gmake[1]: Entering directory `/home/john/CLionProjects/AutoBrightnessCam/libs/google-test/googletest-release-1.7.0/CMakeFiles/CMakeTmp'
/usr/bin/cmake -E cmake_progress_report /home/john/CLionProjects/AutoBrightnessCam/libs/google-test/googletest-release-1.7.0/CMakeFiles/CMakeTmp/CMakeFiles 1
Building C object CMakeFiles/cmTryCompileExec1828591464.dir/CheckFunctionExists.c.o
/usr/bin/cc   -DCHECK_FUNCTION_EXISTS=pthread_create   -o CMakeFiles/cmTryCompileExec1828591464.dir/CheckFunctionExists.c.o   -c /usr/share/cmake/Modules/CheckFunctionExists.c
Linking C executable cmTryCompileExec1828591464
/usr/bin/cmake -E cmake_link_script CMakeFiles/cmTryCompileExec1828591464.dir/link.txt --verbose=1
/usr/bin/cc   -DCHECK_FUNCTION_EXISTS=pthread_create    CMakeFiles/cmTryCompileExec1828591464.dir/CheckFunctionExists.c.o  -o cmTryCompileExec1828591464 -rdynamic -lpthreads 
/usr/bin/ld: cannot find -lpthreads
collect2: error: ld returned 1 exit status
gmake[1]: *** [cmTryCompileExec1828591464] Error 1
gmake[1]: Leaving directory `/home/john/CLionProjects/AutoBrightnessCam/libs/google-test/googletest-release-1.7.0/CMakeFiles/CMakeTmp'
gmake: *** [cmTryCompileExec1828591464/fast] Error 2


